Added Component: Designator=C1(0402)
Add component. Clean all parameters for all variants
Add component (AddParameter): Name = "LatestRevisionDate"; Value = "29-May-2009"; VariantName = "[No Variations]"
Add component (AddParameter): Name = "LatestRevisionNote"; Value = "IPC-7351 Footprint Added."; VariantName = "[No Variations]"
Add component (AddParameter): Name = "PackageDescription"; Value = "Chip Capacitor"; VariantName = "[No Variations]"
Add component (AddParameter): Name = "PackageReference"; Value = "C1206"; VariantName = "[No Variations]"
Add component (AddParameter): Name = "Published"; Value = "8-Jun-2000"; VariantName = "[No Variations]"
Add component (AddParameter): Name = "Publisher"; Value = "Altium Limited"; VariantName = "[No Variations]"
Add component (AddParameter): Name = "Value"; Value = "100uF"; VariantName = "[No Variations]"
Added Component: Designator=C2(0402)
Add component. Clean all parameters for all variants
Add component (AddParameter): Name = "LatestRevisionDate"; Value = "29-May-2009"; VariantName = "[No Variations]"
Add component (AddParameter): Name = "LatestRevisionNote"; Value = "IPC-7351 Footprint Added."; VariantName = "[No Variations]"
Add component (AddParameter): Name = "PackageDescription"; Value = "Chip Capacitor"; VariantName = "[No Variations]"
Add component (AddParameter): Name = "PackageReference"; Value = "C1206"; VariantName = "[No Variations]"
Add component (AddParameter): Name = "Published"; Value = "8-Jun-2000"; VariantName = "[No Variations]"
Add component (AddParameter): Name = "Publisher"; Value = "Altium Limited"; VariantName = "[No Variations]"
Add component (AddParameter): Name = "Value"; Value = "100uF"; VariantName = "[No Variations]"
Added Component: Designator=P1(HDR1X6)
Add component. Clean all parameters for all variants
Add component (AddParameter): Name = "LatestRevisionDate"; Value = "17-Jul-2002"; VariantName = "[No Variations]"
Add component (AddParameter): Name = "LatestRevisionNote"; Value = "Re-released for DXP Platform."; VariantName = "[No Variations]"
Add component (AddParameter): Name = "Publisher"; Value = "Altium Limited"; VariantName = "[No Variations]"
Added Component: Designator=P2(HDR1X7)
Add component. Clean all parameters for all variants
Add component (AddParameter): Name = "LatestRevisionDate"; Value = "17-Jul-2002"; VariantName = "[No Variations]"
Add component (AddParameter): Name = "LatestRevisionNote"; Value = "Re-released for DXP Platform."; VariantName = "[No Variations]"
Add component (AddParameter): Name = "Publisher"; Value = "Altium Limited"; VariantName = "[No Variations]"
Added Component: Designator=P3(HDR1X7)
Add component. Clean all parameters for all variants
Add component (AddParameter): Name = "LatestRevisionDate"; Value = "17-Jul-2002"; VariantName = "[No Variations]"
Add component (AddParameter): Name = "LatestRevisionNote"; Value = "Re-released for DXP Platform."; VariantName = "[No Variations]"
Add component (AddParameter): Name = "Publisher"; Value = "Altium Limited"; VariantName = "[No Variations]"
Added Component: Designator=P4(HDR1X7)
Add component. Clean all parameters for all variants
Add component (AddParameter): Name = "LatestRevisionDate"; Value = "17-Jul-2002"; VariantName = "[No Variations]"
Add component (AddParameter): Name = "LatestRevisionNote"; Value = "Re-released for DXP Platform."; VariantName = "[No Variations]"
Add component (AddParameter): Name = "Publisher"; Value = "Altium Limited"; VariantName = "[No Variations]"
Added Component: Designator=U1(SOT89)
Add component. Clean all parameters for all variants
Added Pin To Net: NetName=3V3 Pin=C2-2
Added Pin To Net: NetName=3V3 Pin=P4-1
Added Pin To Net: NetName=3V3 Pin=U1-2
Added Net: Name=3V3
Added Pin To Net: NetName=ADC Pin=P2-3
Added Net: Name=ADC
Added Pin To Net: NetName=GND Pin=C1-1
Added Pin To Net: NetName=GND Pin=C2-1
Added Pin To Net: NetName=GND Pin=P1-5
Added Pin To Net: NetName=GND Pin=P4-2
Added Pin To Net: NetName=GND Pin=U1-1
Added Net: Name=GND
Added Pin To Net: NetName=GPIO0 Pin=P1-1
Added Pin To Net: NetName=GPIO0 Pin=P3-7
Added Net: Name=GPIO0
Added Pin To Net: NetName=P6 Pin=P4-5
Added Net: Name=P6
Added Pin To Net: NetName=P7 Pin=P4-6
Added Net: Name=P7
Added Pin To Net: NetName=P8 Pin=P4-7
Added Net: Name=P8
Added Pin To Net: NetName=P9 Pin=P3-5
Added Net: Name=P9
Added Pin To Net: NetName=P14 Pin=P2-7
Added Net: Name=P14
Added Pin To Net: NetName=P16 Pin=P2-6
Added Net: Name=P16
Added Pin To Net: NetName=P17 Pin=P3-6
Added Net: Name=P17
Added Pin To Net: NetName=P20 Pin=P2-5
Added Net: Name=P20
Added Pin To Net: NetName=P22 Pin=P2-4
Added Net: Name=P22
Added Pin To Net: NetName=P24 Pin=P4-3
Added Net: Name=P24
Added Pin To Net: NetName=P26 Pin=P4-4
Added Net: Name=P26
Added Pin To Net: NetName=P28 Pin=P3-3
Added Net: Name=P28
Added Pin To Net: NetName=RST Pin=P1-2
Added Pin To Net: NetName=RST Pin=P3-4
Added Net: Name=RST
Added Pin To Net: NetName=RX2 Pin=P2-2
Added Net: Name=RX2
Added Pin To Net: NetName=RXD_TTL Pin=P1-3
Added Pin To Net: NetName=RXD_TTL Pin=P3-1
Added Net: Name=RXD_TTL
Added Pin To Net: NetName=TX2 Pin=P2-1
Added Net: Name=TX2
Added Pin To Net: NetName=TXD_TTL Pin=P1-4
Added Pin To Net: NetName=TXD_TTL Pin=P3-2
Added Net: Name=TXD_TTL
Added Pin To Net: NetName=VCC5 Pin=C1-2
Added Pin To Net: NetName=VCC5 Pin=P1-6
Added Pin To Net: NetName=VCC5 Pin=U1-3
Added Net: Name=VCC5
Added Class: Name=CBUÄ£¿é×ª8266·â×°
